         w __deregister_frame_info
         w __register_frame_info
         w __syscall_lock_close_recursive
         w userAppExit
         w userAppInit
00000000 00000802 B __ctru_dev_utf16_buf
00000000 a shift
00000000 a shift
00000000 b _TLS_MODULE_BASE_
00000804 00000401 B __ctru_dev_path_buf
00100000 A __start__
00100000 T _start
00100008 T __service_ptr
0010000c T __apt_appid
00100010 T __heap_size
00100014 T __linear_heap_size
00100018 T __system_arglist
0010001c T __system_runflags
00100020 t startup
00100058 t ClearMem
0010006c t ClrLoop
00100094 T _init
001000ac 00000028 T Memory
001000d4 000006f0 T BLZ_Code
001007c4 0000002c T BLZ_Invert
001007f0 00000060 T ccitt16
00100850 00000290 T read_savedata
00100ae0 00000080 T write_from_file
00100b60 000002b8 T write_savedata
00100e18 00000078 T initFs
00100e90 0000003c T getProgramID
00100ecc 000000e4 T getGameVersion
00100fb0 T __aeabi_uidiv
00100fb0 000001ec T __udivsi3
00100fb0 t .udivsi3_skip_div0_test
0010119c 00000020 T __aeabi_uidivmod
001011bc T __aeabi_idiv
001011bc 00000220 T __divsi3
001011c4 t .divsi3_skip_div0_test
001013dc 00000020 T __aeabi_idivmod
001013fc 00000004 W __aeabi_idiv0
001013fc 00000004 W __aeabi_ldiv0
00101400 T __aeabi_ldivmod
001014d4 T __aeabi_uldivmod
00101528 00000390 T strcmp
001018b0 T __aeabi_drsub
001018b8 000002b0 T __aeabi_dsub
001018b8 000002b0 T __subdf3
001018bc 000002ac T __adddf3
001018bc 000002ac T __aeabi_dadd
00101b68 00000024 T __aeabi_ui2d
00101b68 00000024 T __floatunsidf
00101b8c 00000028 T __aeabi_i2d
00101b8c 00000028 T __floatsidf
00101bb4 00000048 T __aeabi_f2d
00101bb4 00000048 T __extendsfdf2
00101bfc 00000074 T __aeabi_ul2d
00101bfc 00000074 T __floatundidf
00101c10 00000060 T __aeabi_l2d
00101c10 00000060 T __floatdidf
00101c70 t __do_global_dtors_aux
00101cb0 t frame_dummy
00101cdc 00000878 T main
00102554 00000008 t romfs_close
0010255c 000000c0 t romfs_seek
0010261c 00000024 t romfs_dirreset
00102640 000000c8 t fill_dir
00102708 0000028c t romfs_dirnext
00102994 00000084 t romfs_free
00102a18 000000d4 t searchForFile.constprop.0
00102aec 000000d8 t searchForDir.constprop.0
00102bc4 000001c0 t navigateToDir.constprop.0
00102d84 0000010c t romfs_open
00102e90 0000004c t romfs_chdir
00102edc 00000070 t romfs_diropen
00102f4c 00000174 t romfs_stat
001030c0 00000008 t romfs_dirclose
001030c8 00000084 t romfs_fstat
0010314c 000000d0 t romfs_read
0010321c 0000028c T romfsMountFromFile
001034a8 00000098 T romfsMountFromCurrentProcess
00103540 00000260 T romfsMountSelf
001037a0 000000a0 T romfsUnmount
00103840 000001e8 t parseColor
00103a28 00000018 T consoleSelect
00103a40 000001ac T consoleDrawChar
00103bec 00000124 T consolePrintChar
00103d10 00000b94 T con_write
001048a4 000000fc t newRow
001049a0 00000168 T consoleInit
00104b08 000000bc T consoleClear
00104bc4 00000130 T srvInit
00104cf4 00000058 T srvExit
00104d4c 000000a0 T srvGetServiceHandleDirect
00104dec 00000038 T srvGetServiceHandle
00104e24 00000038 T srvPublishToSubscriber
00104e5c 000000d0 t gfxPresentFramebuffer
00104f2c 00000010 T gfxSet3D
00104f3c 0000001c T gfxIsWide
00104f58 000000ec T gfxSetScreenFormat
00105044 00000010 T gfxSetDoubleBuffering
00105054 000000e0 T gfxInit
00105134 00000010 T gfxInitDefault
00105144 000000b4 T gfxExit
001051f8 000000a0 T gfxGetFramebuffer
00105298 00000104 T gfxFlushBuffers
0010539c 00000050 T gfxSwapBuffersGpu
001053ec 00000c58 t gspHardwareInit
00106044 00000248 T gspInit
0010628c 000000f0 T gspExit
0010637c 00000010 T gspHasGpuRight
0010638c 000000a0 T gspPresentBuffer
0010642c 00000044 T gspWaitForEvent
00106470 00000004 W gxCmdQueueInterrupt
00106474 00000158 t gspEventThreadMain
001065cc 00000050 T GSPGPU_FlushDataCache
0010661c 00000034 T GSPGPU_SetLcdForceBlack
00106650 00000068 T GSPGPU_AcquireRight
001066b8 00000048 T GSPGPU_ReleaseRight
00106700 0000007c T GSPGPU_ImportDisplayCaptureInfo
0010677c 0000002c T GSPGPU_SaveVramSysArea
001067a8 0000002c T GSPGPU_RestoreVramSysArea
001067d4 000000a4 T amInit
00106878 0000003c T amExit
001068b4 0000005c T AM_GetTitleInfo
00106910 000001a4 t aptConvertScreenForCapture
00106ab4 00000008 W aptDspSleep
00106abc 00000004 W aptDspWakeup
00106ac0 00000004 W aptDspCancel
00106ac4 00000158 T aptSendCommand
00106c20 00000044 t aptExitProcess
00106c64 000002f4 T aptExit
00106f58 000000e0 T aptHandleSleep
00107038 00000038 T APT_GetProgramID
00107070 00000084 T APT_SleepIfShellClosed
001070f4 00000084 T aptSetSleepAllowed
00107178 00000084 T APT_UnlockTransition
00107200 000004a4 t aptEventHandler
001076a4 000000b0 T APT_ReceiveParameter
00107754 000000b0 t aptReceiveParameter.constprop.0
00107808 000002ac t aptScreenTransfer
00107ab4 00000344 t aptWaitForWakeUp.isra.0
00107df8 00000100 T aptJumpToHomeMenu
00107ef8 00000048 T aptMainLoop
00107f40 0000022c T aptInit
0010816c 0000007c T APT_CheckNew3DS
001081e8 00000024 W hidShouldUseIrrst
0010820c 0000018c T hidInit
00108398 000000e8 T hidExit
00108480 000002a4 T hidScanInput
00108724 00000010 T hidKeysDown
00108734 0000000c T srvPmGetSessionHandle
00108740 00000094 T httpcExit
001087d4 000000cc T fsInit
001088a0 0000003c T fsExit
001088dc 00000018 T fsUseSession
001088f4 00000010 T fsEndUseSession
00108904 00000060 T fsExemptFromSession
00108964 00000050 T fsUnexemptFromSession
001089b4 00000084 T fsMakePath
00108a38 0000002c T FSUSER_Initialize
00108a64 000000cc T FSUSER_OpenFile
00108b30 000000d4 T FSUSER_OpenFileDirectly
00108c04 000000bc T FSUSER_DeleteFile
00108cc0 000000f8 T FSUSER_RenameFile
00108db8 000000bc T FSUSER_DeleteDirectory
00108e74 000000d4 T FSUSER_CreateFile
00108f48 000000c4 T FSUSER_CreateDirectory
0010900c 000000f8 T FSUSER_RenameDirectory
00109104 000000b4 T FSUSER_OpenDirectory
001091b8 00000098 T FSUSER_OpenArchive
00109250 000000b4 T FSUSER_ControlArchive
00109304 0000008c T FSUSER_CloseArchive
00109390 00000074 T FSUSER_GetSdmcArchiveResource
00109404 00000064 T FSUSER_IsSdmcWritable
00109468 00000058 T FSFILE_Read
001094c0 00000060 T FSFILE_Write
00109520 0000003c T FSFILE_GetSize
0010955c 00000028 T FSFILE_SetSize
00109584 0000003c T FSFILE_Close
001095c0 00000024 T FSFILE_Flush
001095e4 00000050 T FSDIR_Read
00109634 0000003c T FSDIR_Close
00109670 000000e8 T utf16_to_utf8
00109758 00000064 T decode_utf16
001097bc 000000c0 T utf8_to_utf16
0010987c 00000038 W __libctru_init
001098b4 00000170 W __system_initArgv
00109a24 T svcControlMemory
00109a44 T svcQueryMemory
00109a74 T svcExitProcess
00109a7c T svcCreateThread
00109a9c T svcExitThread
00109aa4 T svcSleepThread
00109aac T svcReleaseMutex
00109ab4 T svcCreateEvent
00109ac8 T svcSignalEvent
00109ad0 T svcClearEvent
00109ad8 T svcMapMemoryBlock
00109ae0 T svcUnmapMemoryBlock
00109ae8 T svcCreateAddressArbiter
00109afc T svcArbitrateAddressNoTimeout
00109b04 T svcCloseHandle
00109b0c T svcWaitSynchronization
00109b14 T svcWaitSynchronizationN
00109b3c T svcDuplicateHandle
00109b50 T svcGetSystemTick
00109b58 T svcConnectToPort
00109b6c T svcSendSyncRequest
00109b74 T svcGetResourceLimit
00109b88 T svcGetResourceLimitLimitValues
00109b90 T svcGetResourceLimitCurrentValues
00109b98 T svcBreak
00109ba0 W initSystem
00109bf0 W __ctru_exit
00109c08 T __aeabi_read_tp
00109c14 00000024 t addrMapNodeComparator(rbtree_node const*, rbtree_node const*)
00109c38 00000004 t addrMapNodeDestructor(rbtree_node*)
00109c3c 00000250 T vramMemAlignAt
00109e8c 0000000c T vramAlloc
00109e98 00000090 T vramFree
00109f28 00000024 t addrMapNodeComparator(rbtree_node const*, rbtree_node const*)
00109f4c 00000004 t addrMapNodeDestructor(rbtree_node*)
00109f50 00000120 T linearMemAlign
0010a070 00000008 T linearAlloc
0010a078 0000005c T linearFree
0010a0d4 00000080 T MemPool::CoalesceRight(MemBlock*)
0010a154 0000016c T MemPool::Allocate(MemChunk&, unsigned long, int)
0010a2c0 000000fc T MemPool::Deallocate(MemChunk const&)
0010a3bc 00000030 T MemPool::GetFreeSpace()
0010a3ec 0000000c T __sync_init
0010a3f8 00000018 T __sync_fini
0010a410 0000002c T syncArbitrateAddress
0010a43c 000000b0 T LightLock_Lock
0010a4ec 00000040 T LightLock_Unlock
0010a52c 00000024 T RecursiveLock_Init
0010a550 00000030 T RecursiveLock_Lock
0010a580 00000054 T RecursiveLock_Unlock
0010a5d4 00000040 T LightEvent_Init
0010a614 000000a4 T LightEvent_Clear
0010a6b8 000000c8 T LightEvent_Signal
0010a780 00000050 T LightEvent_TryWait
0010a7d0 000000b0 T LightEvent_Wait
0010a880 00000084 W envGetHandle
0010a904 00000050 W envDestroyHandles
0010a954 00000054 T osGetTimeRef
0010a9a8 000000ec T osGetTime
0010aa94 00000034 T __ctru_speedup_config
0010aac8 00000178 T threadCreate
0010ac40 0000002c T threadFree
0010ac6c 00000024 T threadJoin
0010ac90 00000030 T threadGetCurrent
0010acc0 00000040 T threadExit
0010ad00 00000020 t _thread_begin
0010ad20 000000b4 t mappableFindAddressWithin
0010add4 00000028 T mappableInit
0010adfc 00000080 T mappableAlloc
0010ae7c 00000004 T mappableFree
0010ae80 00000164 T irrstInit
0010afe4 000000cc T irrstExit
0010b0b0 000000b4 T irrstScanInput
0010b164 00000024 T irrstKeysHeld
0010b188 00000074 T ptmSysmInit
0010b1fc 0000003c T ptmSysmExit
0010b238 00000034 T PTMSYSM_ConfigureNew3DSCPU
0010b26c 00000010 T rbtree_init
0010b27c 000001b4 t do_insert
0010b430 00000008 T rbtree_insert
0010b438 00000090 T rbtree_rotate
0010b4c8 00000318 T rbtree_remove
0010b7e0 00000074 T rbtree_find
0010b854 00000054 T encode_utf16
0010b8a8 000000e0 T encode_utf8
0010b988 0000013c T decode_utf8
0010bac4 00000030 W __appInit
0010baf4 00000030 T __syscall_getreent
0010bb24 00000074 T __syscall_gettod_r
0010bb98 00000004 T __syscall_lock_acquire
0010bb9c 00000004 T __syscall_lock_release
0010bba0 00000004 T __syscall_lock_init_recursive
0010bba4 00000004 T __syscall_lock_acquire_recursive
0010bba8 00000004 T __syscall_lock_release_recursive
0010bbac 00000004 T __syscall_exit
0010bbb0 00000050 T initThreadVars
0010bc00 00000068 T __system_initSyscalls
0010bc68 000001e0 W __system_allocateHeaps
0010be48 00000030 W __appExit
0010be78 00000090 W __libctru_exit
0010bf08 00000014 t archive_link
0010bf1c 00000014 t archive_dirreset
0010bf30 00000014 t archive_chmod
0010bf44 00000024 t error_cmp
0010bf68 00000050 t archive_translate_error
0010bfb8 000000c8 t archive_seek
0010c080 0000007c t _archiveInit.part.0
0010c0fc 000000c4 t archiveFindDevice.part.0
0010c1c0 0000025c t archive_utf16path
0010c41c 000000a0 t _archiveUnmountDeviceStruct.part.0
0010c4bc 00000014 t archive_fchmod
0010c4d0 00000014 t archive_statvfs
0010c4e4 00000164 t _archiveMountDevice
0010c648 000000e8 t archive_diropen
0010c730 000000a4 t archive_fstat
0010c7d4 0000006c t archive_close
0010c840 0000006c t archive_fsync
0010c8ac 00000070 t archive_dirclose
0010c91c 000000e8 t sdmc_statvfs
0010ca04 000000ec t archive_chdir
0010caf0 0000007c t archive_ftruncate
0010cb6c 000000ac t archive_read
0010cc18 000000a4 t archive_unlink
0010ccbc 000000bc t archive_rmdir
0010cd78 000000dc t archive_mkdir
0010ce54 0000019c t archive_stat
0010cff0 0000015c t archive_dirnext
0010d14c 000000ec t archive_write
0010d238 000001d4 t archive_open
0010d40c 00000278 t archive_rename
0010d684 0000019c T archiveMountSdmc
0010d820 00000054 T archiveUnmountAll
0010d874 0000005c T rbtree_node_next
0010d8d0 00000120 T __udivmoddi4
0010d9f0 00000078 T bsearch
0010da68 00000020 T calloc
0010da88 000000c0 T _calloc_r
0010db48 0000000c T __errno
0010db54 00000034 T exit
0010db88 0000015c T _fclose_r
0010dce4 00000018 T fclose
0010dcfc 00000234 T __sflush_r
0010df30 00000094 T _fflush_r
0010dfc4 00000038 T fflush
0010dffc 0000000c T _cleanup_r
0010e008 00000184 T __sinit
0010e18c 00000134 T __sfp
0010e2c0 0000000c T __sfp_lock_acquire
0010e2cc 0000000c T __sfp_lock_release
0010e2d8 0000003c T __libc_fini_array
0010e314 00000134 T _fopen_r
0010e448 00000020 T fopen
0010e468 000002d0 T _fread_r
0010e738 00000038 T fread
0010e770 000000f8 T _malloc_trim_r
0010e868 000002e8 T _free_r
0010eb50 0000001c T _fseek_r
0010eb6c 00000034 T fseek
0010eba0 00000590 T _fseeko_r
0010f130 0000002c T ftell
0010f15c 000001b4 T _ftello_r
0010f310 00000068 T _fwalk
0010f378 00000070 T _fwalk_reent
0010f3e8 00000084 T __libc_init_array
0010f46c 00000138 T __smakebuf_r
0010f5a4 0000008c T __swhatbuf_r
0010f630 00000020 T memalign
0010f650 0000014c T _memalign_r
0010f79c 00000018 T malloc
0010f7b4 00000018 T free
0010f7cc 000007e4 T _malloc_r
0010ffb0 000000e4 T memchr
00110094 000000b0 T memcmp
00110144 00000118 T memcpy
0011025c 000000f4 T memset
00110350 0000000c T __malloc_lock
0011035c 0000000c T __malloc_unlock
00110368 00000034 T printf
0011039c 000000e0 T _puts_r
0011047c 00000018 T puts
00110494 0000001c t lflush
001104b0 00000198 T __srefill_r
00110648 0000025c T setvbuf
001108a4 000000cc T snprintf
00110970 00000064 T sprintf
001109d4 00000074 T sscanf
00110a48 00000044 T __sread
00110a8c 00000008 T __seofread
00110a94 00000068 T __swrite
00110afc 00000044 T __sseek
00110b40 00000008 T __sclose
00110b48 00000130 T strchr
00110c78 0000005c T strlen
00110cd4 000000e4 T strncat
00110db8 000000e4 T strncmp
00110e9c 000000c4 T strncpy
00110f60 00000048 T strnlen
00110fa8 000001c4 t _strtoul_l.constprop.0
0011116c 00000004 T _strtoul_r
00111170 00000028 T strtoul
00111198 0000066c t get_arg
00111808 00003334 T _svfprintf_r
00114b3c 00000050 t get_arg
00114b8c 00002c38 T __ssvfscanf_r
001177c4 0000003c T time
00117800 0000066c t get_arg
00117e70 0000339c T _vfprintf_r
0011b20c 000000d0 t __sbprintf
0011b2dc 00000054 T _wcrtomb_r
0011b330 00000028 T _wcsrtombs_r
0011b358 0000013c T __swsetup_r
0011b494 00000114 T __call_exitprocs
0011b5a8 000001b0 t quorem
0011b758 000011f8 T _dtoa_r
0011c950 000000c8 T __sflags
0011ca18 000004b4 T __sfvwrite_r
0011cecc 00000008 T iswspace
0011ced4 0000000c T _localeconv_r
0011cee0 00000010 T __locale_mb_cur_max
0011cef0 00000068 T _mbrtowc_r
0011cf58 000002f8 T __utf8_mbtowc
0011d250 00000150 T memmove
0011d3a0 00000088 T _Balloc
0011d428 0000001c T _Bfree
0011d444 000000f4 T __multadd
0011d538 00000110 T __s2b
0011d648 00000060 T __hi0bits
0011d6a8 0000009c T __lo0bits
0011d744 000000a8 T __i2b
0011d7ec 00000204 T __multiply
0011d9f0 00000124 T __pow5mult
0011db14 00000140 T __lshift
0011dc54 00000058 T __mcmp
0011dcac 000001ec T __mdiff
0011de98 00000068 T __ulp
0011df00 000000d0 T __b2d
0011dfd0 00000120 T __d2b
0011e0f0 00000078 T __ratio
0011e168 00000088 T __copybits
0011e1f0 0000005c T __any_on
0011e24c 00000020 T realloc
0011e26c 000004a0 T _realloc_r
0011e70c 000000f4 T __sccl
0011e800 0000000c T nanf
0011e810 00000088 T frexp
0011e898 000000cc T stpncpy
0011e964 00000064 t sulp
0011e9c8 000013a8 T _strtod_l
0011fd70 0000000c T _strtod_r
0011fd7c 0000022c t _strtoll_l.constprop.0
0011ffa8 00000004 T _strtoll_r
0011ffac 000001a4 t _strtol_l.part.0
00120150 0000003c T _strtol_r
0012018c 00000244 t _strtoull_l.constprop.0
001203d0 00000004 T _strtoull_r
001203d4 00000188 T __ssprint_r
0012055c 000000d4 T _sungetc_r
00120630 0000006c T __ssrefill_r
0012069c 000000c4 T _sfread_r
00120760 000000a8 T __submore
00120808 0000066c t get_arg
00120e74 00000030 T __sprint_r
00120ea4 000022ec T _vfiprintf_r
00123190 000000d0 t __sbprintf
00123260 00000188 T _wcsnrtombs_l
001233e8 0000004c T _wcsnrtombs_r
00123434 000000f0 T __utf8_wctomb
00123524 0000005c T __assert_func
00123580 0000003c T fiprintf
001235bc 000000f0 t rshift
001236ac 00000814 T __gethex
00123ec0 0000004c T __match
00123f0c 0000029c T __hexnan
001241a8 0000003c T iswspace_l
001241e4 000001d8 t __jp2uc
001243bc 0000009c T _jp2uc_l
00124458 00000010 T nan
00124468 00000014 T abort
0012447c 0000008c T category
00124508 00000090 T _raise_r
00124598 00000018 T raise
001245b0 00000008 t null_write
001245b8 00000018 T setDefaultDevice
001245d0 000000c8 T FindDevice
00124698 00000028 T RemoveDevice
001246c0 0000009c T AddDevice
0012475c 00000020 T GetDeviceOpTab
0012477c 00000078 T _fstat_r
001247f4 00000014 T _getpid_r
00124808 00000030 T _gettimeofday_r
00124838 00000008 T _isatty_r
00124840 00000014 T _kill_r
00124854 00000084 T _lseek_r
001248d8 000000c0 T _open_r
00124998 00000080 T _read_r
00124a18 00000078 T _sbrk_r
00124a90 00000080 T _write_r
00124b10 00000020 T _exit
00124b30 000001a4 T _concatenate_path
00124cd4 00000140 T chdir
00124e14 00000008 T __flockfile
00124e1c 00000008 T __funlockfile
00124e24 0000008c T __release_handle
00124eb0 000000b0 T __alloc_handle
00124f60 0000003c T __get_handle
00124f9c 000000f4 T _close_r
00125090 0000002c T __getreent
001250bc 0000001c T __libc_lock_acquire
001250d8 0000001c T __libc_lock_release
001250f4 0000001c T __libc_lock_init_recursive
00125110 0000001c T __libc_lock_acquire_recursive
0012512c 0000001c T __libc_lock_release_recursive
00125148 0000001c T __libc_lock_close_recursive
00125164 00000038 T __aeabi_d2lz
00125164 00000038 T __fixdfdi
001251a0 00000040 T __aeabi_d2ulz
001251a0 00000040 T __fixunsdfdi
001251e0 00000048 T strrchr
00125228 T _fini
00126658 00000070 r romFS_devoptab
00126740 00000070 r dotab_stdout
001267b0 00000018 r grayScale
001267c8 00000006 r colorCube
001267d0 00000030 r colorTable
00126844 00000008 r morton_y.2
0012684c 00000008 r morton_x.3
00126854 00000008 r s_sleepWakeEvents.4
00126880 R default_font_bin
00127080 R default_font_bin_end
001270a8 00000030 r error_table
001270e0 00000070 r archive_devoptab
00127150 00000004 R _global_impure_ptr
00127190 00000010 r zeroes.0
001271a0 00000010 r blanks.1
001271b8 00000022 r basefix.0
001271dc 00000010 r zeroes.0
001271ec 00000010 r blanks.1
001271fc 00000101 R _ctype_
00127310 r .LC2
00127400 0000000c r p05.0
00127410 00000028 R __mprec_bigtens
00127438 000000c8 R __mprec_tens
00127510 00000014 r fpinan.0
00127524 00000014 r fpi.1
00127538 00000028 r tinytens
00127560 0000006c R __action_table
001275cc 0000006c R __state_table
00127638 00000100 R __chclass
00127738 00000010 r zeroes.0
00127748 00000010 r blanks.1
001277e8 00000100 R __hexdig
001278fc 00001a7c r d02f4
00129378 0000172a r b02cf
0012aaa4 00000040 r a8
0012aae4 000000a2 r a7
0012ab88 00000070 r a6
0012abf8 0000005b r a3
0012ac54 000000bc r a2
0012ad10 000000bc r a1
0012adcc 00003528 r categories
0012e2f4 00000070 R dotab_stdnull
0012e364 R __tdata_align
0012e368 r 
0012e368 R __exidx_end
0012e368 R __exidx_start
0012f000 00000001 d firstConsoleInit.0
0012f004 00000004 D currentConsole
0012f008 00000048 D defaultConsole
0012f050 00000004 d kCount
0012f054 00000004 d kInterval
0012f058 00000004 d kDelay
0012f05c W __stacksize__
0012f060 00000004 D _impure_ptr
0012f068 00000460 d impure_data
0012f4c8 00000004 D __malloc_sbrk_base
0012f4cc 00000004 D __malloc_trim_threshold
0012f4d0 00000408 D __malloc_av_
0012f8d8 0000016c D __global_locale
0012fa44 0000008c D devoptab_list
0012fad0 00000004 d defaultDevice
0012fad4 00000400 d _current_working_directory
0012fed4 00001000 d handles
00130ed4 0000000c d __stderr_handle
00130ee0 0000000c d __stdout_handle
00130eec 0000000c d __stdin_handle
00130f00 d _GLOBAL_OFFSET_TABLE_
00130f0c d __frame_dummy_init_array_entry
00130f0c D __init_array_start
00130f0c B __preinit_array_end
00130f0c B __preinit_array_start
00130f0c D __tdata_lma
00130f0c D __tdata_lma_end
00130f10 d __do_global_dtors_aux_fini_array_entry
00130f10 D __fini_array_start
00130f10 D __init_array_end
00130f14 D __bss_start__
00130f14 D __fini_array_end
00130f18 00000800 b top_text.0
00131718 00000100 B status
00131818 00000004 B save_session
00131820 00000008 B save_archive
00131828 b completed.1
0013182c b object.0
00131844 00000004 b romfs_mount_list
00131848 00000004 V __romfs_path
0013184c 00000048 B currentCopy
00131894 00000004 b srvRefCount
00131898 00000004 b srvHandle
0013189c 00000004 b screenAlloc
001318a0 00000004 b screenFree
001318a4 00000002 b gfxIsDoubleBuf
001318a8 00000002 b gfxCurBuf
001318aa 00000001 b gfxIsVram
001318ab 00000001 b gfxTopMode
001318ac 00000002 b gfxFramebufferFormats
001318b0 00000004 b gfxBottomFramebufferMaxSize
001318b4 00000004 b gfxTopFramebufferMaxSize
001318b8 00000008 b gfxBottomFramebuffers
001318c0 00000008 b gfxTopFramebuffers
001318c8 00000007 b gspEventCbOneShot
001318d0 0000001c b gspEventCbData
001318ec 0000001c b gspEventCb
00131908 00000038 b gspEvents
00131940 00000004 b gspLastEvent
00131944 00000001 b gspRunEvents
00131948 00000004 b gspEventThread
0013194c 00000004 b gspEvent
00131950 00000001 b gspGpuRight
00131951 00000001 b gspThreadId
00131954 00000004 b gspSharedMem
00131958 00000004 b gspSharedMemHandle
0013195c 00000004 b gspRefCount
00131960 00000004 b gspGpuHandle
00131964 00000004 b amRefCount
00131968 00000004 b amHandle
0013196c 00000001 b flagValue.0
0013196d 00000001 b flagInit.1
00131970 00000004 b serviceName.6
00131974 00000001 b aptChainloadMediatype
00131978 00000008 b aptChainloadTid
00131980 00000001 b aptChainloadFlags
00131984 00001000 b aptParameters
00132984 00000004 b aptFlags
00132988 00000001 b aptHomeButtonState
0013298c 00000004 b aptMessageFuncData
00132990 00000004 b aptMessageFunc
00132994 0000000c b aptFirstHook
001329a0 00000001 b aptEventHandlerThreadQuit
001329a4 00000004 b aptEventHandlerThread
001329a8 00000008 b aptSleepEvent
001329b0 00000008 b aptReceiveEvent
001329b8 00000008 b aptEvents
001329c0 00000004 b aptLockHandle
001329c4 00000004 b aptRefCount
001329c8 00000001 b usingIrrst
001329cc 00000004 b hidRefCount
001329d0 00000006 b gRate
001329d8 00000006 b aVec
001329e0 00000004 b cPos
001329e4 00000004 b tPos
001329e8 00000004 b kRepeat
001329ec 00000004 b kUp
001329f0 00000004 b kDown
001329f4 00000004 b kHeld
001329f8 00000004 b kOld
001329fc 00000004 B hidSharedMem
00132a00 00000014 B hidEvents
00132a14 00000004 B hidMemHandle
00132a18 00000004 B hidHandle
00132a1c 00000004 b srvPmHandle
00132a20 00000004 b __httpc_sharedmem_handle
00132a24 00000004 b __httpc_sharedmem_size
00132a28 00000004 B __httpc_sharedmem_addr
00132a2c 00000004 b __httpc_refcount
00132a30 00000004 B __httpc_servhandle
00132a38 00000080 b fsExemptArchives
00132ab8 00000004 b fsuRefCount
00132abc 00000004 b fsuHandle
00132ac0 00000004 B __system_retAddr
00132ac4 00000004 B __system_argv
00132ac8 00000004 B __system_argc
00132acc b saved_stack
00132ad8 00000008 b sVramPoolB
00132ae0 00000008 b sVramPoolA
00132ae8 0000000c b sAddrMap
00132af8 00000008 b sLinearPool
00132b00 0000000c b sAddrMap
00132b0c 00000004 b arbiter
00132b10 00000001 V __ctru_speedup
00132b14 00000004 B __3dslink_host
00132b18 00000004 b currentAddr
00132b1c 00000004 b maxAddr
00132b20 00000004 b minAddr
00132b24 00000004 b irrstRefCount
00132b28 00000004 b csPos
00132b2c 00000004 b kHeld
00132b30 00000004 B irrstSharedMem
00132b34 00000004 B irrstEvent
00132b38 00000004 B irrstMemHandle
00132b3c 00000004 B irrstHandle
00132b40 00000004 b ptmSysmRefCount
00132b44 00000004 b ptmSysmHandle
00132b48 00000004 V __ctru_linear_heap_size
00132b4c 00000004 V __ctru_heap_size
00132b50 00000004 B __ctru_linear_heap
00132b54 00000004 B __ctru_heap
00132b58 00000540 b archive_devices
00133098 00000004 b archive_device_cwd
0013309c 00000001 b archive_initialized
001330a0 0000000c b __sinit_recursive_mutex
001330ac 0000000c b __sfp_recursive_mutex
001330b8 00000028 B __malloc_current_mallinfo
001330e0 00000004 B __malloc_max_total_mem
001330e4 00000004 B __malloc_max_sbrked_mem
001330e8 00000004 B __malloc_top_pad
001330ec 0000000c b __malloc_recursive_mutex
001330f8 0000000c B __atexit_recursive_mutex
00133104 00000004 b heap_start.0
00133108 00000004 B fake_heap_start
0013310c 00000004 B fake_heap_end
00133110 00000400 b temp_cwd
00133510 00000004 b __hndl_lock
00133514 B __tls_start
0013411c B __bss_end__
0013411c A __end__
0013411c B __tls_end
